C51 COMPILER V9.00   MAIN                                                                  10/30/2022 17:05:35 PAGE 1   


C51 COMPILER V9.00, COMPILATION OF MODULE MAIN
OBJECT MODULE PLACED IN main.OBJ
COMPILER INVOKED BY: D:\Èí¼þ\Keil\C51\BIN\C51.EXE main.c BROWSE DEBUG OBJECTEXTEND

line level    source

   1          #include <reg51.h>
   2          #include <intrins.h>
   3          
   4          #define LED P2
   5          
   6          typedef unsigned char uint8;
   7          typedef unsigned int uint16;
   8          
   9          void Delay100ms(uint8 x);
  10          
  11          uint8 code states[] = {0xDF, 0xDD};
  12          
  13          void main()       
  14          {
  15   1              uint8 i;
  16   1              LED = 0x65;
  17   1              while (1) {
  18   2                      for (i = 0; i < 2; i++) {
  19   3                              LED = states[i];
  20   3                              Delay100ms(20);
  21   3                      }       
  22   2              }
  23   1              while(1);
  24   1      }
  25          
  26          void Delay100ms(uint8 x)                //@12.000MHz
  27          {
  28   1              unsigned char i, j;
  29   1      
  30   1              while (x) {
  31   2                      i = 195;
  32   2                      j = 138;
  33   2                      do
  34   2                      {
  35   3                              while (--j);
  36   3                      } while (--i);
  37   2                      x--;
  38   2              }
  39   1      
  40   1      }


MODULE INFORMATION:   STATIC OVERLAYABLE
   CODE SIZE        =     45    ----
   CONSTANT SIZE    =      2    ----
   XDATA SIZE       =   ----    ----
   PDATA SIZE       =   ----    ----
   DATA SIZE        =   ----       1
   IDATA SIZE       =   ----    ----
   BIT SIZE         =   ----    ----
END OF MODULE INFORMATION.


C51 COMPILATION COMPLETE.  0 WARNING(S),  0 ERROR(S)
